<?xml version="1.0" encoding="UTF-8"?>
<!-- Generated by org.testng.reporters.JUnitXMLReporter -->
<testsuite hostname="DESKTOP-ELFRPEH" ignored="0" name="GAC Company Portal Test Cases" tests="21" failures="0" timestamp="2021-01-19T23:45:54 IST" time="313.673" errors="0">
  <testcase name="verifyDashboardPageTitleTest" time="0.034" classname="com.gac.qa.testcases.DashboardPageTest"/>
  <testcase name="verifyUserNameTest" time="0.764" classname="com.gac.qa.testcases.DashboardPageTest"/>
  <testcase name="verifyProfileSettingLinkTest" time="0.988" classname="com.gac.qa.testcases.DashboardPageTest"/>
  <testcase name="verifyCompanySettingsLinkTest" time="1.083" classname="com.gac.qa.testcases.DashboardPageTest"/>
  <testcase name="verifyLogoutTest" time="2.338" classname="com.gac.qa.testcases.DashboardPageTest"/>
  <testcase name="loginPageTitleTest" time="0.019" classname="com.gac.qa.testcases.LoginPageTest"/>
  <testcase name="validateLogo2c2pTest" time="0.1" classname="com.gac.qa.testcases.LoginPageTest"/>
  <testcase name="loginTest" time="0.566" classname="com.gac.qa.testcases.LoginPageTest"/>
  <testcase name="verifyProfileSettingLabelTest" time="0.214" classname="com.gac.qa.testcases.ProfileSettingPageTest"/>
  <testcase name="clickOnChangePasswordBtnTest" time="0.535" classname="com.gac.qa.testcases.ProfileSettingPageTest"/>
  <testcase name="clickOnEditBtnTest" time="0.48" classname="com.gac.qa.testcases.ProfileSettingPageTest"/>
  <testcase name="veifyEditLabelTest" time="0.041" classname="com.gac.qa.testcases.EditProfileSettingPageTest"/>
  <testcase name="editProfileSettingTest" time="1.082" classname="com.gac.qa.testcases.EditProfileSettingPageTest"/>
  <testcase name="editProfileSettingTest" time="0.73" classname="com.gac.qa.testcases.EditProfileSettingPageTest"/>
  <testcase name="changePasswordTest" time="0.35" classname="com.gac.qa.testcases.ChangePasswordPageTest"/>
  <testcase name="changePasswordTest" time="0.35" classname="com.gac.qa.testcases.ChangePasswordPageTest"/>
  <testcase name="verifyChangePasswordLabelTest" time="0.072" classname="com.gac.qa.testcases.ChangePasswordPageTest"/>
  <testcase name="verifyCompanySettingsLabelTest" time="0.06" classname="com.gac.qa.testcases.CompanySettingsPageTest"/>
  <testcase name="verifyCompanySettingsLabelTest" time="0.084" classname="com.gac.qa.testcases.EditCompanySettingsPageTest"/>
  <testcase name="enterCompanySettingsTest" time="1.938" classname="com.gac.qa.testcases.EditCompanySettingsPageTest"/>
  <testcase name="enterCompanySettingsTest" time="1.606" classname="com.gac.qa.testcases.EditCompanySettingsPageTest"/>
</testsuite> <!-- GAC Company Portal Test Cases -->
