<?xml version="1.0" encoding="UTF-8"?>
<!-- Generated by org.testng.reporters.JUnitXMLReporter -->
<testsuite hostname="DESKTOP-ELFRPEH" ignored="0" name="GAC Company Portal Test Cases" tests="4" failures="0" timestamp="19 Jan 2021 07:18:59 GMT" time="0.248" errors="0">
  <testcase name="@BeforeMethod setup" time="0.082" classname="com.gac.qa.testcases.CompanySettingsPageTest">
    <failure type="java.lang.IllegalStateException" message="The driver executable does not exist: C:\Users\perennial\PS-workspace\GACTest\Drivers\chromedriver.exe">
      <![CDATA[java.lang.IllegalStateException: The driver executable does not exist: C:\Users\perennial\PS-workspace\GACTest\Drivers\chromedriver.exe
at com.google.common.base.Preconditions.checkState(Preconditions.java:585)
at org.openqa.selenium.remote.service.DriverService.checkExecutable(DriverService.java:146)
at org.openqa.selenium.remote.service.DriverService.findExecutable(DriverService.java:141)
at org.openqa.selenium.chrome.ChromeDriverService.access$000(ChromeDriverService.java:32)
at org.openqa.selenium.chrome.ChromeDriverService$Builder.findDefaultExecutable(ChromeDriverService.java:137)
at org.openqa.selenium.remote.service.DriverService$Builder.build(DriverService.java:355)
at org.openqa.selenium.chrome.ChromeDriverService.createDefaultService(ChromeDriverService.java:88)
at org.openqa.selenium.chrome.ChromeDriver.<init>(ChromeDriver.java:123)
at com.gac.qa.base.TestBase.initialization(TestBase.java:43)
at com.gac.qa.testcases.CompanySettingsPageTest.setup(CompanySettingsPageTest.java:25)
... Removed 28 stack frames]]>
    </failure>
  </testcase> <!-- @BeforeMethod setup -->
  <testcase name="@AfterMethod tearDown" time="0.0" classname="com.gac.qa.testcases.CompanySettingsPageTest">
    <skipped/>
  </testcase> <!-- @AfterMethod tearDown -->
  <testcase name="@BeforeMethod setup" time="0.007" classname="com.gac.qa.testcases.EditProfileSettingPageTest">
    <failure type="java.lang.IllegalStateException" message="The driver executable does not exist: C:\Users\perennial\PS-workspace\GACTest\Drivers\chromedriver.exe">
      <![CDATA[java.lang.IllegalStateException: The driver executable does not exist: C:\Users\perennial\PS-workspace\GACTest\Drivers\chromedriver.exe
at com.google.common.base.Preconditions.checkState(Preconditions.java:585)
at org.openqa.selenium.remote.service.DriverService.checkExecutable(DriverService.java:146)
at org.openqa.selenium.remote.service.DriverService.findExecutable(DriverService.java:141)
at org.openqa.selenium.chrome.ChromeDriverService.access$000(ChromeDriverService.java:32)
at org.openqa.selenium.chrome.ChromeDriverService$Builder.findDefaultExecutable(ChromeDriverService.java:137)
at org.openqa.selenium.remote.service.DriverService$Builder.build(DriverService.java:355)
at org.openqa.selenium.chrome.ChromeDriverService.createDefaultService(ChromeDriverService.java:88)
at org.openqa.selenium.chrome.ChromeDriver.<init>(ChromeDriver.java:123)
at com.gac.qa.base.TestBase.initialization(TestBase.java:43)
at com.gac.qa.testcases.EditProfileSettingPageTest.setup(EditProfileSettingPageTest.java:28)
... Removed 28 stack frames]]>
    </failure>
  </testcase> <!-- @BeforeMethod setup -->
  <testcase name="@AfterMethod tearDown" time="0.0" classname="com.gac.qa.testcases.EditProfileSettingPageTest">
    <skipped/>
  </testcase> <!-- @AfterMethod tearDown -->
  <testcase name="@BeforeMethod setup" time="0.007" classname="com.gac.qa.testcases.LoginPageTest">
    <failure type="java.lang.IllegalStateException" message="The driver executable does not exist: C:\Users\perennial\PS-workspace\GACTest\Drivers\chromedriver.exe">
      <![CDATA[java.lang.IllegalStateException: The driver executable does not exist: C:\Users\perennial\PS-workspace\GACTest\Drivers\chromedriver.exe
at com.google.common.base.Preconditions.checkState(Preconditions.java:585)
at org.openqa.selenium.remote.service.DriverService.checkExecutable(DriverService.java:146)
at org.openqa.selenium.remote.service.DriverService.findExecutable(DriverService.java:141)
at org.openqa.selenium.chrome.ChromeDriverService.access$000(ChromeDriverService.java:32)
at org.openqa.selenium.chrome.ChromeDriverService$Builder.findDefaultExecutable(ChromeDriverService.java:137)
at org.openqa.selenium.remote.service.DriverService$Builder.build(DriverService.java:355)
at org.openqa.selenium.chrome.ChromeDriverService.createDefaultService(ChromeDriverService.java:88)
at org.openqa.selenium.chrome.ChromeDriver.<init>(ChromeDriver.java:123)
at com.gac.qa.base.TestBase.initialization(TestBase.java:43)
at com.gac.qa.testcases.LoginPageTest.setup(LoginPageTest.java:26)
... Removed 28 stack frames]]>
    </failure>
  </testcase> <!-- @BeforeMethod setup -->
  <testcase name="@AfterMethod tearDown" time="0.0" classname="com.gac.qa.testcases.LoginPageTest">
    <skipped/>
  </testcase> <!-- @AfterMethod tearDown -->
  <testcase name="verifyCompanySettingsLabelTest" time="0.0" classname="com.gac.qa.testcases.CompanySettingsPageTest">
    <skipped/>
  </testcase> <!-- verifyCompanySettingsLabelTest -->
  <testcase name="veifyEditLabelTest" time="0.0" classname="com.gac.qa.testcases.EditProfileSettingPageTest">
    <skipped/>
  </testcase> <!-- veifyEditLabelTest -->
  <testcase name="changePasswordTest" time="0.0" classname="com.gac.qa.testcases.ChangePasswordPageTest">
    <skipped/>
  </testcase> <!-- changePasswordTest -->
  <testcase name="loginPageTitleTest" time="0.0" classname="com.gac.qa.testcases.LoginPageTest">
    <skipped/>
  </testcase> <!-- loginPageTitleTest -->
</testsuite> <!-- GAC Company Portal Test Cases -->
