<?xml version="1.0" encoding="UTF-8"?>
<!-- Generated by org.testng.reporters.JUnitXMLReporter -->
<testsuite hostname="DESKTOP-ELFRPEH" name="Default test" tests="2" failures="0" timestamp="18 Jan 2021 18:00:26 GMT" time="37.163" errors="0">
  <testcase name="editProfileSettingTest" time="0.725" classname="com.gac.qa.testcases.EditProfileSettingPageTest"/>
  <testcase name="editProfileSettingTest" time="0.736" classname="com.gac.qa.testcases.EditProfileSettingPageTest"/>
</testsuite> <!-- Default test -->
