<?xml version="1.0" encoding="UTF-8"?>
<!-- Generated by org.testng.reporters.JUnitXMLReporter -->
<testsuite hostname="DESKTOP-ELFRPEH" ignored="0" name="Default test" tests="3" failures="0" timestamp="2021-01-19T23:39:24 IST" time="50.208" errors="0">
  <testcase name="verifyCompanySettingsLabelTest" time="0.136" classname="com.gac.qa.testcases.EditCompanySettingsPageTest"/>
  <testcase name="enterCompanySettingsTest" time="1.484" classname="com.gac.qa.testcases.EditCompanySettingsPageTest"/>
  <testcase name="enterCompanySettingsTest" time="1.484" classname="com.gac.qa.testcases.EditCompanySettingsPageTest"/>
</testsuite> <!-- Default test -->
