<?xml version="1.0" encoding="UTF-8"?>
<testng-results skipped="0" failed="0" ignored="0" total="21" passed="21">
  <reporter-output>
  </reporter-output>
  <suite name="GAC Company Portal Test Automation Suite" duration-ms="313673" started-at="2021-01-19T23:40:40 IST" finished-at="2021-01-19T23:45:54 IST">
    <groups>
    </groups>
    <test name="GAC Company Portal Test Cases" duration-ms="313673" started-at="2021-01-19T23:40:40 IST" finished-at="2021-01-19T23:45:54 IST">
      <class name="com.gac.qa.testcases.CompanySettingsPageTest">
        <test-method status="PASS" signature="setup()[pri:0, instance:com.gac.qa.testcases.CompanySettingsPageTest@4b553d26]" name="setup" is-config="true" duration-ms="14714" started-at="2021-01-19T23:44:50 IST" finished-at="2021-01-19T23:45:05 IST">
          <reporter-output>
          </reporter-output>
        </test-method> <!-- setup -->
        <test-method status="PASS" signature="verifyCompanySettingsLabelTest()[pri:0, instance:com.gac.qa.testcases.CompanySettingsPageTest@4b553d26]" name="verifyCompanySettingsLabelTest" duration-ms="60" started-at="2021-01-19T23:45:05 IST" finished-at="2021-01-19T23:45:05 IST">
          <reporter-output>
          </reporter-output>
        </test-method> <!-- verifyCompanySettingsLabelTest -->
        <test-method status="PASS" signature="tearDown()[pri:0, instance:com.gac.qa.testcases.CompanySettingsPageTest@4b553d26]" name="tearDown" is-config="true" duration-ms="746" started-at="2021-01-19T23:45:05 IST" finished-at="2021-01-19T23:45:06 IST">
          <reporter-output>
          </reporter-output>
        </test-method> <!-- tearDown -->
      </class> <!-- com.gac.qa.testcases.CompanySettingsPageTest -->
      <class name="com.gac.qa.testcases.DashboardPageTest">
        <test-method status="PASS" signature="setup()[pri:0, instance:com.gac.qa.testcases.DashboardPageTest@3043fe0e]" name="setup" is-config="true" duration-ms="13552" started-at="2021-01-19T23:40:40 IST" finished-at="2021-01-19T23:40:54 IST">
          <reporter-output>
          </reporter-output>
        </test-method> <!-- setup -->
        <test-method status="PASS" signature="verifyDashboardPageTitleTest()[pri:1, instance:com.gac.qa.testcases.DashboardPageTest@3043fe0e]" name="verifyDashboardPageTitleTest" duration-ms="34" started-at="2021-01-19T23:40:54 IST" finished-at="2021-01-19T23:40:54 IST">
          <reporter-output>
          </reporter-output>
        </test-method> <!-- verifyDashboardPageTitleTest -->
        <test-method status="PASS" signature="tearDown()[pri:0, instance:com.gac.qa.testcases.DashboardPageTest@3043fe0e]" name="tearDown" is-config="true" duration-ms="737" started-at="2021-01-19T23:40:54 IST" finished-at="2021-01-19T23:40:54 IST">
          <reporter-output>
          </reporter-output>
        </test-method> <!-- tearDown -->
        <test-method status="PASS" signature="setup()[pri:0, instance:com.gac.qa.testcases.DashboardPageTest@3043fe0e]" name="setup" is-config="true" duration-ms="12368" started-at="2021-01-19T23:40:54 IST" finished-at="2021-01-19T23:41:07 IST">
          <reporter-output>
          </reporter-output>
        </test-method> <!-- setup -->
        <test-method status="PASS" signature="verifyUserNameTest()[pri:2, instance:com.gac.qa.testcases.DashboardPageTest@3043fe0e]" name="verifyUserNameTest" duration-ms="764" started-at="2021-01-19T23:41:07 IST" finished-at="2021-01-19T23:41:07 IST">
          <reporter-output>
          </reporter-output>
        </test-method> <!-- verifyUserNameTest -->
        <test-method status="PASS" signature="tearDown()[pri:0, instance:com.gac.qa.testcases.DashboardPageTest@3043fe0e]" name="tearDown" is-config="true" duration-ms="729" started-at="2021-01-19T23:41:07 IST" finished-at="2021-01-19T23:41:08 IST">
          <reporter-output>
          </reporter-output>
        </test-method> <!-- tearDown -->
        <test-method status="PASS" signature="setup()[pri:0, instance:com.gac.qa.testcases.DashboardPageTest@3043fe0e]" name="setup" is-config="true" duration-ms="11885" started-at="2021-01-19T23:41:08 IST" finished-at="2021-01-19T23:41:20 IST">
          <reporter-output>
          </reporter-output>
        </test-method> <!-- setup -->
        <test-method status="PASS" signature="verifyProfileSettingLinkTest()[pri:3, instance:com.gac.qa.testcases.DashboardPageTest@3043fe0e]" name="verifyProfileSettingLinkTest" duration-ms="988" started-at="2021-01-19T23:41:20 IST" finished-at="2021-01-19T23:41:21 IST">
          <reporter-output>
          </reporter-output>
        </test-method> <!-- verifyProfileSettingLinkTest -->
        <test-method status="PASS" signature="tearDown()[pri:0, instance:com.gac.qa.testcases.DashboardPageTest@3043fe0e]" name="tearDown" is-config="true" duration-ms="1703" started-at="2021-01-19T23:41:21 IST" finished-at="2021-01-19T23:41:23 IST">
          <reporter-output>
          </reporter-output>
        </test-method> <!-- tearDown -->
        <test-method status="PASS" signature="setup()[pri:0, instance:com.gac.qa.testcases.DashboardPageTest@3043fe0e]" name="setup" is-config="true" duration-ms="13815" started-at="2021-01-19T23:41:23 IST" finished-at="2021-01-19T23:41:37 IST">
          <reporter-output>
          </reporter-output>
        </test-method> <!-- setup -->
        <test-method status="PASS" signature="verifyCompanySettingsLinkTest()[pri:4, instance:com.gac.qa.testcases.DashboardPageTest@3043fe0e]" name="verifyCompanySettingsLinkTest" duration-ms="1083" started-at="2021-01-19T23:41:37 IST" finished-at="2021-01-19T23:41:38 IST">
          <reporter-output>
          </reporter-output>
        </test-method> <!-- verifyCompanySettingsLinkTest -->
        <test-method status="PASS" signature="tearDown()[pri:0, instance:com.gac.qa.testcases.DashboardPageTest@3043fe0e]" name="tearDown" is-config="true" duration-ms="1287" started-at="2021-01-19T23:41:38 IST" finished-at="2021-01-19T23:41:39 IST">
          <reporter-output>
          </reporter-output>
        </test-method> <!-- tearDown -->
        <test-method status="PASS" signature="setup()[pri:0, instance:com.gac.qa.testcases.DashboardPageTest@3043fe0e]" name="setup" is-config="true" duration-ms="11507" started-at="2021-01-19T23:41:39 IST" finished-at="2021-01-19T23:41:50 IST">
          <reporter-output>
          </reporter-output>
        </test-method> <!-- setup -->
        <test-method status="PASS" signature="verifyLogoutTest()[pri:5, instance:com.gac.qa.testcases.DashboardPageTest@3043fe0e]" name="verifyLogoutTest" duration-ms="2338" started-at="2021-01-19T23:41:50 IST" finished-at="2021-01-19T23:41:53 IST">
          <reporter-output>
          </reporter-output>
        </test-method> <!-- verifyLogoutTest -->
        <test-method status="PASS" signature="tearDown()[pri:0, instance:com.gac.qa.testcases.DashboardPageTest@3043fe0e]" name="tearDown" is-config="true" duration-ms="1499" started-at="2021-01-19T23:41:53 IST" finished-at="2021-01-19T23:41:54 IST">
          <reporter-output>
          </reporter-output>
        </test-method> <!-- tearDown -->
      </class> <!-- com.gac.qa.testcases.DashboardPageTest -->
      <class name="com.gac.qa.testcases.ChangePasswordPageTest">
        <test-method status="PASS" signature="setup()[pri:0, instance:com.gac.qa.testcases.ChangePasswordPageTest@80503]" name="setup" is-config="true" duration-ms="13468" started-at="2021-01-19T23:44:05 IST" finished-at="2021-01-19T23:44:18 IST">
          <reporter-output>
          </reporter-output>
        </test-method> <!-- setup -->
        <test-method status="PASS" signature="changePasswordTest(java.lang.String, java.lang.String)[pri:1, instance:com.gac.qa.testcases.ChangePasswordPageTest@80503]" name="changePasswordTest" duration-ms="350" started-at="2021-01-19T23:44:18 IST" data-provider="getChangePasswordData" finished-at="2021-01-19T23:44:19 IST">
          <params>
            <param index="0">
              <value>
                <![CDATA[Test@123]]>
              </value>
            </param>
            <param index="1">
              <value>
                <![CDATA[Test@1234]]>
              </value>
            </param>
          </params>
          <reporter-output>
          </reporter-output>
        </test-method> <!-- changePasswordTest -->
        <test-method status="PASS" signature="tearDown()[pri:0, instance:com.gac.qa.testcases.ChangePasswordPageTest@80503]" name="tearDown" is-config="true" duration-ms="737" started-at="2021-01-19T23:44:19 IST" finished-at="2021-01-19T23:44:19 IST">
          <reporter-output>
          </reporter-output>
        </test-method> <!-- tearDown -->
        <test-method status="PASS" signature="setup()[pri:0, instance:com.gac.qa.testcases.ChangePasswordPageTest@80503]" name="setup" is-config="true" duration-ms="14670" started-at="2021-01-19T23:44:19 IST" finished-at="2021-01-19T23:44:34 IST">
          <reporter-output>
          </reporter-output>
        </test-method> <!-- setup -->
        <test-method status="PASS" signature="changePasswordTest(java.lang.String, java.lang.String)[pri:1, instance:com.gac.qa.testcases.ChangePasswordPageTest@80503]" name="changePasswordTest" duration-ms="350" started-at="2021-01-19T23:44:34 IST" data-provider="getChangePasswordData" finished-at="2021-01-19T23:44:35 IST">
          <params>
            <param index="0">
              <value>
                <![CDATA[Test@1234]]>
              </value>
            </param>
            <param index="1">
              <value>
                <![CDATA[Test@123]]>
              </value>
            </param>
          </params>
          <reporter-output>
          </reporter-output>
        </test-method> <!-- changePasswordTest -->
        <test-method status="PASS" signature="tearDown()[pri:0, instance:com.gac.qa.testcases.ChangePasswordPageTest@80503]" name="tearDown" is-config="true" duration-ms="1206" started-at="2021-01-19T23:44:35 IST" finished-at="2021-01-19T23:44:36 IST">
          <reporter-output>
          </reporter-output>
        </test-method> <!-- tearDown -->
        <test-method status="PASS" signature="setup()[pri:0, instance:com.gac.qa.testcases.ChangePasswordPageTest@80503]" name="setup" is-config="true" duration-ms="13712" started-at="2021-01-19T23:44:36 IST" finished-at="2021-01-19T23:44:49 IST">
          <reporter-output>
          </reporter-output>
        </test-method> <!-- setup -->
        <test-method status="PASS" signature="verifyChangePasswordLabelTest()[pri:2, instance:com.gac.qa.testcases.ChangePasswordPageTest@80503]" name="verifyChangePasswordLabelTest" duration-ms="72" started-at="2021-01-19T23:44:49 IST" finished-at="2021-01-19T23:44:49 IST">
          <reporter-output>
          </reporter-output>
        </test-method> <!-- verifyChangePasswordLabelTest -->
        <test-method status="PASS" signature="tearDown()[pri:0, instance:com.gac.qa.testcases.ChangePasswordPageTest@80503]" name="tearDown" is-config="true" duration-ms="980" started-at="2021-01-19T23:44:49 IST" finished-at="2021-01-19T23:44:50 IST">
          <reporter-output>
          </reporter-output>
        </test-method> <!-- tearDown -->
      </class> <!-- com.gac.qa.testcases.ChangePasswordPageTest -->
      <class name="com.gac.qa.testcases.EditCompanySettingsPageTest">
        <test-method status="PASS" signature="setup()[pri:0, instance:com.gac.qa.testcases.EditCompanySettingsPageTest@69a3d1d]" name="setup" is-config="true" duration-ms="14480" started-at="2021-01-19T23:45:06 IST" finished-at="2021-01-19T23:45:20 IST">
          <reporter-output>
          </reporter-output>
        </test-method> <!-- setup -->
        <test-method status="PASS" signature="verifyCompanySettingsLabelTest()[pri:0, instance:com.gac.qa.testcases.EditCompanySettingsPageTest@69a3d1d]" name="verifyCompanySettingsLabelTest" duration-ms="84" started-at="2021-01-19T23:45:20 IST" finished-at="2021-01-19T23:45:21 IST">
          <reporter-output>
          </reporter-output>
        </test-method> <!-- verifyCompanySettingsLabelTest -->
        <test-method status="PASS" signature="tearDown()[pri:0, instance:com.gac.qa.testcases.EditCompanySettingsPageTest@69a3d1d]" name="tearDown" is-config="true" duration-ms="766" started-at="2021-01-19T23:45:21 IST" finished-at="2021-01-19T23:45:21 IST">
          <reporter-output>
          </reporter-output>
        </test-method> <!-- tearDown -->
        <test-method status="PASS" signature="setup()[pri:0, instance:com.gac.qa.testcases.EditCompanySettingsPageTest@69a3d1d]" name="setup" is-config="true" duration-ms="13731" started-at="2021-01-19T23:45:21 IST" finished-at="2021-01-19T23:45:35 IST">
          <reporter-output>
          </reporter-output>
        </test-method> <!-- setup -->
        <test-method status="PASS" signature="enterCompanySettingsTest(java.lang.String, java.lang.String, java.lang.String, java.lang.String, java.lang.String, java.lang.String, java.lang.String, java.lang.String, java.lang.String)[pri:2, instance:com.gac.qa.testcases.EditCompanySettingsPageTest@69a3d1d]" name="enterCompanySettingsTest" duration-ms="1938" started-at="2021-01-19T23:45:35 IST" data-provider="getCompanySettingsData" finished-at="2021-01-19T23:45:37 IST">
          <params>
            <param index="0">
              <value>
                <![CDATA[B2 B2]]>
              </value>
            </param>
            <param index="1">
              <value>
                <![CDATA[JJ11 213]]>
              </value>
            </param>
            <param index="2">
              <value>
                <![CDATA[BKK00 012]]>
              </value>
            </param>
            <param index="3">
              <value>
                <![CDATA[Huaykwang Abc]]>
              </value>
            </param>
            <param index="4">
              <value>
                <![CDATA[10210 011]]>
              </value>
            </param>
            <param index="5">
              <value>
                <![CDATA[INR]]>
              </value>
            </param>
            <param index="6">
              <value>
                <![CDATA[12345 543]]>
              </value>
            </param>
            <param index="7">
              <value>
                <![CDATA[INDIA]]>
              </value>
            </param>
            <param index="8">
              <value>
                <![CDATA[Active]]>
              </value>
            </param>
          </params>
          <reporter-output>
          </reporter-output>
        </test-method> <!-- enterCompanySettingsTest -->
        <test-method status="PASS" signature="tearDown()[pri:0, instance:com.gac.qa.testcases.EditCompanySettingsPageTest@69a3d1d]" name="tearDown" is-config="true" duration-ms="780" started-at="2021-01-19T23:45:37 IST" finished-at="2021-01-19T23:45:38 IST">
          <reporter-output>
          </reporter-output>
        </test-method> <!-- tearDown -->
        <test-method status="PASS" signature="setup()[pri:0, instance:com.gac.qa.testcases.EditCompanySettingsPageTest@69a3d1d]" name="setup" is-config="true" duration-ms="13403" started-at="2021-01-19T23:45:38 IST" finished-at="2021-01-19T23:45:51 IST">
          <reporter-output>
          </reporter-output>
        </test-method> <!-- setup -->
        <test-method status="PASS" signature="enterCompanySettingsTest(java.lang.String, java.lang.String, java.lang.String, java.lang.String, java.lang.String, java.lang.String, java.lang.String, java.lang.String, java.lang.String)[pri:2, instance:com.gac.qa.testcases.EditCompanySettingsPageTest@69a3d1d]" name="enterCompanySettingsTest" duration-ms="1606" started-at="2021-01-19T23:45:51 IST" data-provider="getCompanySettingsData" finished-at="2021-01-19T23:45:53 IST">
          <params>
            <param index="0">
              <value>
                <![CDATA[B2 ]]>
              </value>
            </param>
            <param index="1">
              <value>
                <![CDATA[JJ11]]>
              </value>
            </param>
            <param index="2">
              <value>
                <![CDATA[BKK00]]>
              </value>
            </param>
            <param index="3">
              <value>
                <![CDATA[Huaykwang]]>
              </value>
            </param>
            <param index="4">
              <value>
                <![CDATA[10211]]>
              </value>
            </param>
            <param index="5">
              <value>
                <![CDATA[THB]]>
              </value>
            </param>
            <param index="6">
              <value>
                <![CDATA[12346]]>
              </value>
            </param>
            <param index="7">
              <value>
                <![CDATA[THAILAND]]>
              </value>
            </param>
            <param index="8">
              <value>
                <![CDATA[Active]]>
              </value>
            </param>
          </params>
          <reporter-output>
          </reporter-output>
        </test-method> <!-- enterCompanySettingsTest -->
        <test-method status="PASS" signature="tearDown()[pri:0, instance:com.gac.qa.testcases.EditCompanySettingsPageTest@69a3d1d]" name="tearDown" is-config="true" duration-ms="729" started-at="2021-01-19T23:45:53 IST" finished-at="2021-01-19T23:45:54 IST">
          <reporter-output>
          </reporter-output>
        </test-method> <!-- tearDown -->
      </class> <!-- com.gac.qa.testcases.EditCompanySettingsPageTest -->
      <class name="com.gac.qa.testcases.EditProfileSettingPageTest">
        <test-method status="PASS" signature="setup()[pri:0, instance:com.gac.qa.testcases.EditProfileSettingPageTest@2f943d71]" name="setup" is-config="true" duration-ms="13601" started-at="2021-01-19T23:43:18 IST" finished-at="2021-01-19T23:43:31 IST">
          <reporter-output>
          </reporter-output>
        </test-method> <!-- setup -->
        <test-method status="PASS" signature="veifyEditLabelTest()[pri:1, instance:com.gac.qa.testcases.EditProfileSettingPageTest@2f943d71]" name="veifyEditLabelTest" duration-ms="41" started-at="2021-01-19T23:43:31 IST" finished-at="2021-01-19T23:43:31 IST">
          <reporter-output>
          </reporter-output>
        </test-method> <!-- veifyEditLabelTest -->
        <test-method status="PASS" signature="tearDown()[pri:0, instance:com.gac.qa.testcases.EditProfileSettingPageTest@2f943d71]" name="tearDown" is-config="true" duration-ms="691" started-at="2021-01-19T23:43:31 IST" finished-at="2021-01-19T23:43:32 IST">
          <reporter-output>
          </reporter-output>
        </test-method> <!-- tearDown -->
        <test-method status="PASS" signature="setup()[pri:0, instance:com.gac.qa.testcases.EditProfileSettingPageTest@2f943d71]" name="setup" is-config="true" duration-ms="13319" started-at="2021-01-19T23:43:33 IST" finished-at="2021-01-19T23:43:46 IST">
          <reporter-output>
          </reporter-output>
        </test-method> <!-- setup -->
        <test-method status="PASS" signature="editProfileSettingTest(java.lang.String, java.lang.String, java.lang.String, java.lang.String, java.lang.String)[pri:2, instance:com.gac.qa.testcases.EditProfileSettingPageTest@2f943d71]" name="editProfileSettingTest" duration-ms="1082" started-at="2021-01-19T23:43:46 IST" data-provider="getProfileSettingData" finished-at="2021-01-19T23:43:47 IST">
          <params>
            <param index="0">
              <value>
                <![CDATA[gaurav sup]]>
              </value>
            </param>
            <param index="1">
              <value>
                <![CDATA[QA]]>
              </value>
            </param>
            <param index="2">
              <value>
                <![CDATA[9.1965758E7]]>
              </value>
            </param>
            <param index="3">
              <value>
                <![CDATA[123456.0]]>
              </value>
            </param>
            <param index="4">
              <value>
                <![CDATA[GAC]]>
              </value>
            </param>
          </params>
          <reporter-output>
          </reporter-output>
        </test-method> <!-- editProfileSettingTest -->
        <test-method status="PASS" signature="tearDown()[pri:0, instance:com.gac.qa.testcases.EditProfileSettingPageTest@2f943d71]" name="tearDown" is-config="true" duration-ms="779" started-at="2021-01-19T23:43:47 IST" finished-at="2021-01-19T23:43:48 IST">
          <reporter-output>
          </reporter-output>
        </test-method> <!-- tearDown -->
        <test-method status="PASS" signature="setup()[pri:0, instance:com.gac.qa.testcases.EditProfileSettingPageTest@2f943d71]" name="setup" is-config="true" duration-ms="14850" started-at="2021-01-19T23:43:48 IST" finished-at="2021-01-19T23:44:03 IST">
          <reporter-output>
          </reporter-output>
        </test-method> <!-- setup -->
        <test-method status="PASS" signature="editProfileSettingTest(java.lang.String, java.lang.String, java.lang.String, java.lang.String, java.lang.String)[pri:2, instance:com.gac.qa.testcases.EditProfileSettingPageTest@2f943d71]" name="editProfileSettingTest" duration-ms="730" started-at="2021-01-19T23:44:03 IST" data-provider="getProfileSettingData" finished-at="2021-01-19T23:44:03 IST">
          <params>
            <param index="0">
              <value>
                <![CDATA[gaurav ]]>
              </value>
            </param>
            <param index="1">
              <value>
                <![CDATA[sup]]>
              </value>
            </param>
            <param index="2">
              <value>
                <![CDATA[9.657583258E9]]>
              </value>
            </param>
            <param index="3">
              <value>
                <![CDATA[12345.0]]>
              </value>
            </param>
            <param index="4">
              <value>
                <![CDATA[QA]]>
              </value>
            </param>
          </params>
          <reporter-output>
          </reporter-output>
        </test-method> <!-- editProfileSettingTest -->
        <test-method status="PASS" signature="tearDown()[pri:0, instance:com.gac.qa.testcases.EditProfileSettingPageTest@2f943d71]" name="tearDown" is-config="true" duration-ms="1506" started-at="2021-01-19T23:44:03 IST" finished-at="2021-01-19T23:44:05 IST">
          <reporter-output>
          </reporter-output>
        </test-method> <!-- tearDown -->
      </class> <!-- com.gac.qa.testcases.EditProfileSettingPageTest -->
      <class name="com.gac.qa.testcases.ProfileSettingPageTest">
        <test-method status="PASS" signature="setup()[pri:0, instance:com.gac.qa.testcases.ProfileSettingPageTest@bd8db5a]" name="setup" is-config="true" duration-ms="14113" started-at="2021-01-19T23:42:32 IST" finished-at="2021-01-19T23:42:46 IST">
          <reporter-output>
          </reporter-output>
        </test-method> <!-- setup -->
        <test-method status="PASS" signature="verifyProfileSettingLabelTest()[pri:1, instance:com.gac.qa.testcases.ProfileSettingPageTest@bd8db5a]" name="verifyProfileSettingLabelTest" duration-ms="214" started-at="2021-01-19T23:42:46 IST" finished-at="2021-01-19T23:42:46 IST">
          <reporter-output>
          </reporter-output>
        </test-method> <!-- verifyProfileSettingLabelTest -->
        <test-method status="PASS" signature="tearDown()[pri:0, instance:com.gac.qa.testcases.ProfileSettingPageTest@bd8db5a]" name="tearDown" is-config="true" duration-ms="754" started-at="2021-01-19T23:42:46 IST" finished-at="2021-01-19T23:42:47 IST">
          <reporter-output>
          </reporter-output>
        </test-method> <!-- tearDown -->
        <test-method status="PASS" signature="setup()[pri:0, instance:com.gac.qa.testcases.ProfileSettingPageTest@bd8db5a]" name="setup" is-config="true" duration-ms="13889" started-at="2021-01-19T23:42:47 IST" finished-at="2021-01-19T23:43:01 IST">
          <reporter-output>
          </reporter-output>
        </test-method> <!-- setup -->
        <test-method status="PASS" signature="clickOnChangePasswordBtnTest()[pri:2, instance:com.gac.qa.testcases.ProfileSettingPageTest@bd8db5a]" name="clickOnChangePasswordBtnTest" duration-ms="535" started-at="2021-01-19T23:43:01 IST" finished-at="2021-01-19T23:43:01 IST">
          <reporter-output>
          </reporter-output>
        </test-method> <!-- clickOnChangePasswordBtnTest -->
        <test-method status="PASS" signature="tearDown()[pri:0, instance:com.gac.qa.testcases.ProfileSettingPageTest@bd8db5a]" name="tearDown" is-config="true" duration-ms="800" started-at="2021-01-19T23:43:01 IST" finished-at="2021-01-19T23:43:02 IST">
          <reporter-output>
          </reporter-output>
        </test-method> <!-- tearDown -->
        <test-method status="PASS" signature="setup()[pri:0, instance:com.gac.qa.testcases.ProfileSettingPageTest@bd8db5a]" name="setup" is-config="true" duration-ms="14217" started-at="2021-01-19T23:43:02 IST" finished-at="2021-01-19T23:43:16 IST">
          <reporter-output>
          </reporter-output>
        </test-method> <!-- setup -->
        <test-method status="PASS" signature="clickOnEditBtnTest()[pri:3, instance:com.gac.qa.testcases.ProfileSettingPageTest@bd8db5a]" name="clickOnEditBtnTest" duration-ms="480" started-at="2021-01-19T23:43:16 IST" finished-at="2021-01-19T23:43:17 IST">
          <reporter-output>
          </reporter-output>
        </test-method> <!-- clickOnEditBtnTest -->
        <test-method status="PASS" signature="tearDown()[pri:0, instance:com.gac.qa.testcases.ProfileSettingPageTest@bd8db5a]" name="tearDown" is-config="true" duration-ms="718" started-at="2021-01-19T23:43:17 IST" finished-at="2021-01-19T23:43:18 IST">
          <reporter-output>
          </reporter-output>
        </test-method> <!-- tearDown -->
      </class> <!-- com.gac.qa.testcases.ProfileSettingPageTest -->
      <class name="com.gac.qa.testcases.LoginPageTest">
        <test-method status="PASS" signature="setup()[pri:0, instance:com.gac.qa.testcases.LoginPageTest@78e67e0a]" name="setup" is-config="true" duration-ms="11165" started-at="2021-01-19T23:41:54 IST" finished-at="2021-01-19T23:42:05 IST">
          <reporter-output>
          </reporter-output>
        </test-method> <!-- setup -->
        <test-method status="PASS" signature="loginPageTitleTest()[pri:1, instance:com.gac.qa.testcases.LoginPageTest@78e67e0a]" name="loginPageTitleTest" duration-ms="19" started-at="2021-01-19T23:42:05 IST" finished-at="2021-01-19T23:42:05 IST">
          <reporter-output>
          </reporter-output>
        </test-method> <!-- loginPageTitleTest -->
        <test-method status="PASS" signature="tearDown()[pri:0, instance:com.gac.qa.testcases.LoginPageTest@78e67e0a]" name="tearDown" is-config="true" duration-ms="714" started-at="2021-01-19T23:42:05 IST" finished-at="2021-01-19T23:42:06 IST">
          <reporter-output>
          </reporter-output>
        </test-method> <!-- tearDown -->
        <test-method status="PASS" signature="setup()[pri:0, instance:com.gac.qa.testcases.LoginPageTest@78e67e0a]" name="setup" is-config="true" duration-ms="13062" started-at="2021-01-19T23:42:06 IST" finished-at="2021-01-19T23:42:19 IST">
          <reporter-output>
          </reporter-output>
        </test-method> <!-- setup -->
        <test-method status="PASS" signature="validateLogo2c2pTest()[pri:2, instance:com.gac.qa.testcases.LoginPageTest@78e67e0a]" name="validateLogo2c2pTest" duration-ms="100" started-at="2021-01-19T23:42:19 IST" finished-at="2021-01-19T23:42:19 IST">
          <reporter-output>
          </reporter-output>
        </test-method> <!-- validateLogo2c2pTest -->
        <test-method status="PASS" signature="tearDown()[pri:0, instance:com.gac.qa.testcases.LoginPageTest@78e67e0a]" name="tearDown" is-config="true" duration-ms="677" started-at="2021-01-19T23:42:19 IST" finished-at="2021-01-19T23:42:20 IST">
          <reporter-output>
          </reporter-output>
        </test-method> <!-- tearDown -->
        <test-method status="PASS" signature="setup()[pri:0, instance:com.gac.qa.testcases.LoginPageTest@78e67e0a]" name="setup" is-config="true" duration-ms="10569" started-at="2021-01-19T23:42:20 IST" finished-at="2021-01-19T23:42:31 IST">
          <reporter-output>
          </reporter-output>
        </test-method> <!-- setup -->
        <test-method status="PASS" signature="loginTest()[pri:3, instance:com.gac.qa.testcases.LoginPageTest@78e67e0a]" name="loginTest" duration-ms="566" started-at="2021-01-19T23:42:31 IST" finished-at="2021-01-19T23:42:31 IST">
          <reporter-output>
          </reporter-output>
        </test-method> <!-- loginTest -->
        <test-method status="PASS" signature="tearDown()[pri:0, instance:com.gac.qa.testcases.LoginPageTest@78e67e0a]" name="tearDown" is-config="true" duration-ms="746" started-at="2021-01-19T23:42:31 IST" finished-at="2021-01-19T23:42:32 IST">
          <reporter-output>
          </reporter-output>
        </test-method> <!-- tearDown -->
      </class> <!-- com.gac.qa.testcases.LoginPageTest -->
    </test> <!-- GAC Company Portal Test Cases -->
  </suite> <!-- GAC Company Portal Test Automation Suite -->
</testng-results>
